{
    "/Users/batman/programming/web/store/src/components/item/item.js": {
        "path": "/Users/batman/programming/web/store/src/components/item/item.js",
        "statementMap": {
            "0": {
                "start": { "line": 5, "column": 4 },
                "end": { "line": 14, "column": 5 }
            },
            "1": {
                "start": { "line": 17, "column": 0 },
                "end": { "line": 24, "column": 1 }
            },
            "2": {
                "start": { "line": 25, "column": 0 },
                "end": { "line": 27, "column": 1 }
            }
        },
        "fnMap": {
            "0": {
                "name": "Item",
                "decl": {
                    "start": { "line": 4, "column": 9 },
                    "end": { "line": 4, "column": 13 }
                },
                "loc": {
                    "start": { "line": 4, "column": 21 },
                    "end": { "line": 15, "column": 1 }
                },
                "line": 4
            }
        },
        "branchMap": {},
        "s": { "0": 6, "1": 1, "2": 1 },
        "f": { "0": 6 },
        "b": {},
        "_coverageSchema": "43e27e138ebf9cfc5966b082cf9a028302ed4184",
        "hash": "4e7223fe5930a19b7436a1e8c035522de9415bc9"
    },
    "/Users/batman/programming/web/store/src/components/item/item.stories.js": {
        "path": "/Users/batman/programming/web/store/src/components/item/item.stories.js",
        "statementMap": {},
        "fnMap": {},
        "branchMap": {},
        "s": {},
        "f": {},
        "b": {},
        "_coverageSchema": "43e27e138ebf9cfc5966b082cf9a028302ed4184",
        "hash": "5711f884cc387806c8e331dd89b17fb583ff8fe1"
    },
    "/Users/batman/programming/web/store/src/components/login/login.js": {
        "path": "/Users/batman/programming/web/store/src/components/login/login.js",
        "statementMap": {
            "0": {
                "start": { "line": 4, "column": 14 },
                "end": { "line": 34, "column": 1 }
            },
            "1": {
                "start": { "line": 5, "column": 36 },
                "end": { "line": 5, "column": 48 }
            },
            "2": {
                "start": { "line": 6, "column": 36 },
                "end": { "line": 6, "column": 48 }
            },
            "3": {
                "start": { "line": 7, "column": 4 },
                "end": { "line": 33, "column": 5 }
            },
            "4": {
                "start": { "line": 16, "column": 31 },
                "end": { "line": 16, "column": 69 }
            },
            "5": {
                "start": { "line": 26, "column": 31 },
                "end": { "line": 26, "column": 69 }
            },
            "6": {
                "start": { "line": 36, "column": 0 },
                "end": { "line": 38, "column": 1 }
            }
        },
        "fnMap": {
            "0": {
                "name": "(anonymous_0)",
                "decl": {
                    "start": { "line": 4, "column": 14 },
                    "end": { "line": 4, "column": 15 }
                },
                "loc": {
                    "start": { "line": 4, "column": 23 },
                    "end": { "line": 34, "column": 1 }
                },
                "line": 4
            },
            "1": {
                "name": "(anonymous_1)",
                "decl": {
                    "start": { "line": 16, "column": 26 },
                    "end": { "line": 16, "column": 27 }
                },
                "loc": {
                    "start": { "line": 16, "column": 31 },
                    "end": { "line": 16, "column": 69 }
                },
                "line": 16
            },
            "2": {
                "name": "(anonymous_2)",
                "decl": {
                    "start": { "line": 26, "column": 26 },
                    "end": { "line": 26, "column": 27 }
                },
                "loc": {
                    "start": { "line": 26, "column": 31 },
                    "end": { "line": 26, "column": 69 }
                },
                "line": 26
            }
        },
        "branchMap": {},
        "s": { "0": 1, "1": 9, "2": 9, "3": 9, "4": 1, "5": 1, "6": 1 },
        "f": { "0": 9, "1": 1, "2": 1 },
        "b": {},
        "_coverageSchema": "43e27e138ebf9cfc5966b082cf9a028302ed4184",
        "hash": "454684c961499c5a0ec8629af2fd4f4517e6d038"
    },
    "/Users/batman/programming/web/store/src/components/login/login.stories.js": {
        "path": "/Users/batman/programming/web/store/src/components/login/login.stories.js",
        "statementMap": {},
        "fnMap": {},
        "branchMap": {},
        "s": {},
        "f": {},
        "b": {},
        "_coverageSchema": "43e27e138ebf9cfc5966b082cf9a028302ed4184",
        "hash": "035be1302fce9b2220bc425df3e3f60cc93944c2"
    },
    "/Users/batman/programming/web/store/src/features/App/App.stories.js": {
        "path": "/Users/batman/programming/web/store/src/features/App/App.stories.js",
        "statementMap": {
            "0": {
                "start": { "line": 8, "column": 0 },
                "end": { "line": 10, "column": 2 }
            },
            "1": {
                "start": { "line": 9, "column": 4 },
                "end": { "line": 9, "column": 42 }
            },
            "2": {
                "start": { "line": 12, "column": 0 },
                "end": { "line": 22, "column": 6 }
            },
            "3": {
                "start": { "line": 14, "column": 8 },
                "end": { "line": 14, "column": 65 }
            },
            "4": {
                "start": { "line": 17, "column": 8 },
                "end": { "line": 21, "column": 17 }
            }
        },
        "fnMap": {
            "0": {
                "name": "(anonymous_0)",
                "decl": {
                    "start": { "line": 8, "column": 49 },
                    "end": { "line": 8, "column": 50 }
                },
                "loc": {
                    "start": { "line": 9, "column": 4 },
                    "end": { "line": 9, "column": 42 }
                },
                "line": 9
            },
            "1": {
                "name": "(anonymous_1)",
                "decl": {
                    "start": { "line": 13, "column": 22 },
                    "end": { "line": 13, "column": 23 }
                },
                "loc": {
                    "start": { "line": 14, "column": 8 },
                    "end": { "line": 14, "column": 65 }
                },
                "line": 14
            },
            "2": {
                "name": "(anonymous_2)",
                "decl": {
                    "start": { "line": 16, "column": 28 },
                    "end": { "line": 16, "column": 29 }
                },
                "loc": {
                    "start": { "line": 17, "column": 8 },
                    "end": { "line": 21, "column": 17 }
                },
                "line": 17
            }
        },
        "branchMap": {},
        "s": { "0": 1, "1": 1, "2": 1, "3": 1, "4": 1 },
        "f": { "0": 1, "1": 1, "2": 1 },
        "b": {},
        "_coverageSchema": "43e27e138ebf9cfc5966b082cf9a028302ed4184",
        "hash": "26fe0644155d9181dfb8417aa17a7fdc436461ef"
    }
}
